<?xml version="1.0" encoding="UTF-8"?>
<!-- Generated by org.testng.reporters.JUnitReportReporter -->
<testsuite skipped="0" hostname="Alim" name="runner.TestRunner" tests="17" failures="0" timestamp="11 Jun 2020 21:02:28 GMT" time="411.549" errors="1">
  <testcase name="runScenario" time="13.146" classname="runner.TestRunner"/>
  <testcase name="runScenario" time="9.082" classname="runner.TestRunner"/>
  <testcase name="runScenario" time="19.412" classname="runner.TestRunner"/>
  <testcase name="runScenario" time="45.707" classname="runner.TestRunner"/>
  <testcase name="runScenario" time="37.006" classname="runner.TestRunner">
    <error type="org.openqa.selenium.NoSuchElementException" message="Cannot locate element with text: May
For documentation on this error, please visit: https://www.seleniumhq.org/exceptions/no_such_element.html
Build info: version: &#039;3.141.59&#039;, revision: &#039;e82be7d358&#039;, time: &#039;2018-11-14T08:17:03&#039;
System info: host: &#039;ALIM&#039;, ip: &#039;192.168.1.20&#039;, os.name: &#039;Windows 10&#039;, os.arch: &#039;amd64&#039;, os.version: &#039;10.0&#039;, java.version: &#039;1.8.0_211&#039;
Driver info: driver.version: unknown">
      <![CDATA[org.openqa.selenium.NoSuchElementException: Cannot locate element with text: May
For documentation on this error, please visit: https://www.seleniumhq.org/exceptions/no_such_element.html
Build info: version: '3.141.59', revision: 'e82be7d358', time: '2018-11-14T08:17:03'
System info: host: 'ALIM', ip: '192.168.1.20', os.name: 'Windows 10', os.arch: 'amd64', os.version: '10.0', java.version: '1.8.0_211'
Driver info: driver.version: unknown
at org.openqa.selenium.support.ui.Select.selectByVisibleText(Select.java:147)
at pages.BNSPage.selectDay(BNSPage.java:48)
at step.BNSMultipledataStep.user_Select_month_day_year(BNSMultipledataStep.java:29)
at âœ½.User Select month "Jan" day "May" year "2003"(file:src/test/resources/Features/BNSMultipledata.feature:9)
]]>
    </error>
  </testcase> <!-- runScenario -->
  <testcase name="runScenario" time="10.571" classname="runner.TestRunner"/>
  <testcase name="runScenario" time="39.119" classname="runner.TestRunner"/>
  <testcase name="runScenario" time="41.567" classname="runner.TestRunner"/>
  <testcase name="runScenario" time="44.531" classname="runner.TestRunner"/>
  <testcase name="runScenario" time="39.596" classname="runner.TestRunner"/>
  <testcase name="runScenario" time="38.681" classname="runner.TestRunner"/>
  <testcase name="runScenario" time="9.336" classname="runner.TestRunner"/>
  <testcase name="runScenario" time="15.763" classname="runner.TestRunner"/>
  <testcase name="runScenario" time="11.926" classname="runner.TestRunner"/>
  <testcase name="runScenario" time="9.232" classname="runner.TestRunner"/>
  <testcase name="runScenario" time="16.717" classname="runner.TestRunner"/>
  <testcase name="runScenario" time="10.157" classname="runner.TestRunner"/>
</testsuite> <!-- runner.TestRunner -->
